###############################################################
#  Generated by:      Cadence Innovus 21.14-s109_1
#  OS:                Linux x86_64(Host ID tux-134)
#  Generated on:      Sat Apr  8 23:47:58 2023
#  Design:            top
#  Command:           report_timing > ./reports/post_route.timing.rpt
###############################################################
Path 1: MET Late External Delay Assertion 
Endpoint:   out0_node1[20]                  (^) checked with  leading edge of 
'clk'
Beginpoint: node1/out_node_0/w4_q_reg[4]/QN (v) triggered by  leading edge of 
'clk'
Path Groups: {clk}
Analysis View: view_tc
Other End Arrival Time          0.000
- External Delay                0.100
+ Phase Shift                 2000.000
= Required Time               1999.890
- Arrival Time                1345.848
= Slack Time                  654.042
     Clock Rise Edge                 0.000
     + Clock Network Latency (Prop)  10.349
     = Beginpoint Arrival Time       10.349
     +------------------------------------------------------------------------------------------------------------------------------+ 
     |                      Instance                      |       Arc        |         Cell         |  Delay  |  Arrival | Required | 
     |                                                    |                  |                      |         |   Time   |   Time   | 
     |----------------------------------------------------+------------------+----------------------+---------+----------+----------| 
     | node1/out_node_0/w4_q_reg[4]                       | CLK ^            |                      |         |   10.349 |  664.391 | 
     | node1/out_node_0/w4_q_reg[4]                       | CLK ^ -> QN v    | DFFHQNx1_ASAP7_75t_R |  74.700 |   85.049 |  739.091 | 
     | U23243                                             | A v -> Y ^       | INVx1_ASAP7_75t_R    |  59.200 |  144.249 |  798.291 | 
     | U22870                                             | B ^ -> Y v       | NOR2xp33_ASAP7_75t_R |  49.400 |  193.649 |  847.691 | 
     | node1/out_node_0/mult_18_4/S3_2_3                  | CI v -> CON ^    | FAx1_ASAP7_75t_R     |  32.400 |  226.049 |  880.091 | 
     | U11080                                             | A ^ -> Y v       | INVx1_ASAP7_75t_R    |  22.200 |  248.249 |  902.291 | 
     | node1/out_node_0/mult_18_4/S3_3_3                  | B v -> CON ^     | FAx1_ASAP7_75t_R     |  26.600 |  274.849 |  928.891 | 
     | U11078                                             | A ^ -> Y v       | INVx1_ASAP7_75t_R    |  22.300 |  297.149 |  951.191 | 
     | node1/out_node_0/mult_18_4/S3_4_3                  | B v -> CON ^     | FAx1_ASAP7_75t_R     |  26.700 |  323.849 |  977.891 | 
     | U11076                                             | A ^ -> Y v       | INVx1_ASAP7_75t_R    |  21.800 |  345.649 |  999.691 | 
     | node1/out_node_0/mult_18_4/S3_5_3                  | B v -> CON ^     | FAx1_ASAP7_75t_R     |  26.100 |  371.749 | 1025.791 | 
     | U11074                                             | A ^ -> Y v       | INVx1_ASAP7_75t_R    |  21.800 |  393.549 | 1047.591 | 
     | node1/out_node_0/mult_18_4/S3_6_3                  | B v -> CON ^     | FAx1_ASAP7_75t_R     |  26.000 |  419.549 | 1073.591 | 
     | U11072                                             | A ^ -> Y v       | INVx1_ASAP7_75t_R    |  21.600 |  441.149 | 1095.191 | 
     | node1/out_node_0/mult_18_4/S3_7_3                  | B v -> CON ^     | FAx1_ASAP7_75t_R     |  26.100 |  467.249 | 1121.291 | 
     | U11070                                             | A ^ -> Y v       | INVx1_ASAP7_75t_R    |  22.000 |  489.249 | 1143.291 | 
     | node1/out_node_0/mult_18_4/S3_8_3                  | B v -> CON ^     | FAx1_ASAP7_75t_R     |  26.600 |  515.849 | 1169.891 | 
     | U11068                                             | A ^ -> Y v       | INVx1_ASAP7_75t_R    |  21.700 |  537.549 | 1191.591 | 
     | node1/out_node_0/mult_18_4/S3_9_3                  | B v -> CON ^     | FAx1_ASAP7_75t_R     |  26.100 |  563.649 | 1217.691 | 
     | U11066                                             | A ^ -> Y v       | INVx1_ASAP7_75t_R    |  21.700 |  585.349 | 1239.391 | 
     | node1/out_node_0/mult_18_4/S3_10_3                 | B v -> CON ^     | FAx1_ASAP7_75t_R     |  26.300 |  611.649 | 1265.691 | 
     | U11064                                             | A ^ -> Y v       | INVx1_ASAP7_75t_R    |  21.800 |  633.449 | 1287.491 | 
     | node1/out_node_0/mult_18_4/S3_11_3                 | B v -> CON ^     | FAx1_ASAP7_75t_R     |  26.400 |  659.849 | 1313.891 | 
     | U11062                                             | A ^ -> Y v       | INVx1_ASAP7_75t_R    |  22.000 |  681.849 | 1335.891 | 
     | node1/out_node_0/mult_18_4/S3_12_3                 | B v -> CON ^     | FAx1_ASAP7_75t_R     |  26.200 |  708.049 | 1362.091 | 
     | node1/out_node_0/mult_18_4/S3_12_3                 | CON ^ -> SN v    | FAx1_ASAP7_75t_R     |  18.600 |  726.649 | 1380.691 | 
     | U11061                                             | A v -> Y ^       | INVx1_ASAP7_75t_R    |  19.600 |  746.249 | 1400.291 | 
     | node1/out_node_0/mult_18_4/S2_13_2                 | CI ^ -> CON v    | FAx1_ASAP7_75t_R     |  20.400 |  766.649 | 1420.691 | 
     | node1/out_node_0/mult_18_4/S2_13_2                 | CON v -> SN ^    | FAx1_ASAP7_75t_R     |  19.400 |  786.049 | 1440.091 | 
     | U11033                                             | A ^ -> Y v       | INVx1_ASAP7_75t_R    |  19.100 |  805.149 | 1459.191 | 
     | node1/out_node_0/mult_18_4/S4_1                    | CI v -> CON ^    | FAx1_ASAP7_75t_R     |  31.700 |  836.849 | 1490.891 | 
     | node1/out_node_0/mult_18_4/S4_1                    | CON ^ -> SN v    | FAx1_ASAP7_75t_R     |  24.500 |  861.349 | 1515.391 | 
     | U17833                                             | B v -> Y v       | XOR2xp5_ASAP7_75t_R  |  26.900 |  888.249 | 1542.290 | 
     | U18822                                             | A v -> Y ^       | INVx1_ASAP7_75t_R    |  18.400 |  906.649 | 1560.690 | 
     | U18757                                             | A ^ -> Y v       | NOR2xp33_ASAP7_75t_R |  27.400 |  934.049 | 1588.090 | 
     | U20579                                             | A1 v -> Y ^      | AOI21xp5_ASAP7_75t_R |  29.200 |  963.249 | 1617.290 | 
     | U4250                                              | A1 ^ -> Y v      | OAI21xp5_ASAP7_75t_R |  26.500 |  989.749 | 1643.790 | 
     | U20569                                             | A2 v -> Y ^      | AOI21xp5_ASAP7_75t_R |  26.800 | 1016.549 | 1670.590 | 
     | U17820                                             | CI ^ -> SN ^     | FAx1_ASAP7_75t_R     | 115.600 | 1132.149 | 1786.190 | 
     | node1/out_node_0/add_1_root_add_0_root_add_18_3/U1 | B ^ -> SN ^      | FAx1_ASAP7_75t_R     |  85.700 | 1217.849 | 1871.890 | 
     | _19                                                |                  |                      |         |          |          | 
     | U10928                                             | A ^ -> Y v       | INVx1_ASAP7_75t_R    |  26.300 | 1244.149 | 1898.190 | 
     | node1/out_node_0/add_0_root_add_0_root_add_18_3/U1 | B v -> CON ^     | FAx1_ASAP7_75t_R     |  27.900 | 1272.049 | 1926.090 | 
     | _19                                                |                  |                      |         |          |          | 
     | U10927                                             | A ^ -> Y v       | INVx1_ASAP7_75t_R    |  17.500 | 1289.549 | 1943.590 | 
     | node1/out_node_0/add_0_root_add_0_root_add_18_3/U1 | CI v -> SN v     | FAx1_ASAP7_75t_R     |  43.300 | 1332.849 | 1986.890 | 
     | _20                                                |                  |                      |         |          |          | 
     | U16538                                             | A v -> Y ^       | INVx1_ASAP7_75t_R    |  12.800 | 1345.648 | 1999.690 | 
     |                                                    | out0_node1[20] ^ |                      |   0.200 | 1345.848 | 1999.890 | 
     +------------------------------------------------------------------------------------------------------------------------------+ 

