 
****************************************
Report : timing
        -path full
        -delay min
        -max_paths 20
Design : top
Version: T-2022.03-SP3
Date   : Tue Mar 28 18:15:01 2023
****************************************

 # A fanout number of 1000 was used for high fanout net computations.

Operating Conditions: PVT_0P7V_25C   Library: asap7sc7p5t_AO_RVT_TT_nldm_211120
Wire Load Model Mode: segmented

  Startpoint: x3_node2[0]
              (input port clocked by clk)
  Endpoint: node0/node_4/in4_q_reg[0]
            (rising edge-triggered flip-flop clocked by clk)
  Path Group: clk
  Path Type: min

  Point                                                   Incr       Path
  --------------------------------------------------------------------------
  clock clk (rise edge)                                   0.00       0.00
  clock network delay (ideal)                             0.00       0.00
  input external delay                                    0.10       0.10 r
  x3_node2[0] (in)                                        0.00       0.10 r
  U6863/Y (OAI21xp5_ASAP7_75t_R)                         15.48      15.58 f
  node0/node_4/in4_q_reg[0]/D (DFFHQNx1_ASAP7_75t_R)      0.00      15.58 f
  data arrival time                                                 15.58

  clock clk (rise edge)                                   0.00       0.00
  clock network delay (ideal)                             0.00       0.00
  clock uncertainty                                       0.01       0.01
  node0/node_4/in4_q_reg[0]/CLK (DFFHQNx1_ASAP7_75t_R)
                                                          0.00       0.01 r
  library hold time                                      15.56      15.57
  data required time                                                15.57
  --------------------------------------------------------------------------
  data required time                                                15.57
  data arrival time                                                -15.58
  --------------------------------------------------------------------------
  slack (MET)                                                        0.01


  Startpoint: x2_node2[0]
              (input port clocked by clk)
  Endpoint: node0/node_4/in3_q_reg[0]
            (rising edge-triggered flip-flop clocked by clk)
  Path Group: clk
  Path Type: min

  Point                                                   Incr       Path
  --------------------------------------------------------------------------
  clock clk (rise edge)                                   0.00       0.00
  clock network delay (ideal)                             0.00       0.00
  input external delay                                    0.10       0.10 r
  x2_node2[0] (in)                                        0.00       0.10 r
  U6860/Y (OAI21xp5_ASAP7_75t_R)                         15.48      15.58 f
  node0/node_4/in3_q_reg[0]/D (DFFHQNx1_ASAP7_75t_R)      0.00      15.58 f
  data arrival time                                                 15.58

  clock clk (rise edge)                                   0.00       0.00
  clock network delay (ideal)                             0.00       0.00
  clock uncertainty                                       0.01       0.01
  node0/node_4/in3_q_reg[0]/CLK (DFFHQNx1_ASAP7_75t_R)
                                                          0.00       0.01 r
  library hold time                                      15.56      15.57
  data required time                                                15.57
  --------------------------------------------------------------------------
  data required time                                                15.57
  data arrival time                                                -15.58
  --------------------------------------------------------------------------
  slack (MET)                                                        0.01


  Startpoint: x1_node2[0]
              (input port clocked by clk)
  Endpoint: node0/node_4/in2_q_reg[0]
            (rising edge-triggered flip-flop clocked by clk)
  Path Group: clk
  Path Type: min

  Point                                                   Incr       Path
  --------------------------------------------------------------------------
  clock clk (rise edge)                                   0.00       0.00
  clock network delay (ideal)                             0.00       0.00
  input external delay                                    0.10       0.10 r
  x1_node2[0] (in)                                        0.00       0.10 r
  U6857/Y (OAI21xp5_ASAP7_75t_R)                         15.48      15.58 f
  node0/node_4/in2_q_reg[0]/D (DFFHQNx1_ASAP7_75t_R)      0.00      15.58 f
  data arrival time                                                 15.58

  clock clk (rise edge)                                   0.00       0.00
  clock network delay (ideal)                             0.00       0.00
  clock uncertainty                                       0.01       0.01
  node0/node_4/in2_q_reg[0]/CLK (DFFHQNx1_ASAP7_75t_R)
                                                          0.00       0.01 r
  library hold time                                      15.56      15.57
  data required time                                                15.57
  --------------------------------------------------------------------------
  data required time                                                15.57
  data arrival time                                                -15.58
  --------------------------------------------------------------------------
  slack (MET)                                                        0.01


  Startpoint: x0_node2[0]
              (input port clocked by clk)
  Endpoint: node0/node_4/in1_q_reg[0]
            (rising edge-triggered flip-flop clocked by clk)
  Path Group: clk
  Path Type: min

  Point                                                   Incr       Path
  --------------------------------------------------------------------------
  clock clk (rise edge)                                   0.00       0.00
  clock network delay (ideal)                             0.00       0.00
  input external delay                                    0.10       0.10 r
  x0_node2[0] (in)                                        0.00       0.10 r
  U6854/Y (OAI21xp5_ASAP7_75t_R)                         15.48      15.58 f
  node0/node_4/in1_q_reg[0]/D (DFFHQNx1_ASAP7_75t_R)      0.00      15.58 f
  data arrival time                                                 15.58

  clock clk (rise edge)                                   0.00       0.00
  clock network delay (ideal)                             0.00       0.00
  clock uncertainty                                       0.01       0.01
  node0/node_4/in1_q_reg[0]/CLK (DFFHQNx1_ASAP7_75t_R)
                                                          0.00       0.01 r
  library hold time                                      15.56      15.57
  data required time                                                15.57
  --------------------------------------------------------------------------
  data required time                                                15.57
  data arrival time                                                -15.58
  --------------------------------------------------------------------------
  slack (MET)                                                        0.01


  Startpoint: x3_node2[0]
              (input port clocked by clk)
  Endpoint: node0/node_5/in4_q_reg[0]
            (rising edge-triggered flip-flop clocked by clk)
  Path Group: clk
  Path Type: min

  Point                                                   Incr       Path
  --------------------------------------------------------------------------
  clock clk (rise edge)                                   0.00       0.00
  clock network delay (ideal)                             0.00       0.00
  input external delay                                    0.10       0.10 r
  x3_node2[0] (in)                                        0.00       0.10 r
  U6863/Y (OAI21xp5_ASAP7_75t_R)                         15.48      15.58 f
  node0/node_5/in4_q_reg[0]/D (DFFHQNx1_ASAP7_75t_R)      0.00      15.58 f
  data arrival time                                                 15.58

  clock clk (rise edge)                                   0.00       0.00
  clock network delay (ideal)                             0.00       0.00
  clock uncertainty                                       0.01       0.01
  node0/node_5/in4_q_reg[0]/CLK (DFFHQNx1_ASAP7_75t_R)
                                                          0.00       0.01 r
  library hold time                                      15.56      15.57
  data required time                                                15.57
  --------------------------------------------------------------------------
  data required time                                                15.57
  data arrival time                                                -15.58
  --------------------------------------------------------------------------
  slack (MET)                                                        0.01


  Startpoint: x2_node2[0]
              (input port clocked by clk)
  Endpoint: node0/node_5/in3_q_reg[0]
            (rising edge-triggered flip-flop clocked by clk)
  Path Group: clk
  Path Type: min

  Point                                                   Incr       Path
  --------------------------------------------------------------------------
  clock clk (rise edge)                                   0.00       0.00
  clock network delay (ideal)                             0.00       0.00
  input external delay                                    0.10       0.10 r
  x2_node2[0] (in)                                        0.00       0.10 r
  U6860/Y (OAI21xp5_ASAP7_75t_R)                         15.48      15.58 f
  node0/node_5/in3_q_reg[0]/D (DFFHQNx1_ASAP7_75t_R)      0.00      15.58 f
  data arrival time                                                 15.58

  clock clk (rise edge)                                   0.00       0.00
  clock network delay (ideal)                             0.00       0.00
  clock uncertainty                                       0.01       0.01
  node0/node_5/in3_q_reg[0]/CLK (DFFHQNx1_ASAP7_75t_R)
                                                          0.00       0.01 r
  library hold time                                      15.56      15.57
  data required time                                                15.57
  --------------------------------------------------------------------------
  data required time                                                15.57
  data arrival time                                                -15.58
  --------------------------------------------------------------------------
  slack (MET)                                                        0.01


  Startpoint: x1_node2[0]
              (input port clocked by clk)
  Endpoint: node0/node_5/in2_q_reg[0]
            (rising edge-triggered flip-flop clocked by clk)
  Path Group: clk
  Path Type: min

  Point                                                   Incr       Path
  --------------------------------------------------------------------------
  clock clk (rise edge)                                   0.00       0.00
  clock network delay (ideal)                             0.00       0.00
  input external delay                                    0.10       0.10 r
  x1_node2[0] (in)                                        0.00       0.10 r
  U6857/Y (OAI21xp5_ASAP7_75t_R)                         15.48      15.58 f
  node0/node_5/in2_q_reg[0]/D (DFFHQNx1_ASAP7_75t_R)      0.00      15.58 f
  data arrival time                                                 15.58

  clock clk (rise edge)                                   0.00       0.00
  clock network delay (ideal)                             0.00       0.00
  clock uncertainty                                       0.01       0.01
  node0/node_5/in2_q_reg[0]/CLK (DFFHQNx1_ASAP7_75t_R)
                                                          0.00       0.01 r
  library hold time                                      15.56      15.57
  data required time                                                15.57
  --------------------------------------------------------------------------
  data required time                                                15.57
  data arrival time                                                -15.58
  --------------------------------------------------------------------------
  slack (MET)                                                        0.01


  Startpoint: x0_node2[0]
              (input port clocked by clk)
  Endpoint: node0/node_5/in1_q_reg[0]
            (rising edge-triggered flip-flop clocked by clk)
  Path Group: clk
  Path Type: min

  Point                                                   Incr       Path
  --------------------------------------------------------------------------
  clock clk (rise edge)                                   0.00       0.00
  clock network delay (ideal)                             0.00       0.00
  input external delay                                    0.10       0.10 r
  x0_node2[0] (in)                                        0.00       0.10 r
  U6854/Y (OAI21xp5_ASAP7_75t_R)                         15.48      15.58 f
  node0/node_5/in1_q_reg[0]/D (DFFHQNx1_ASAP7_75t_R)      0.00      15.58 f
  data arrival time                                                 15.58

  clock clk (rise edge)                                   0.00       0.00
  clock network delay (ideal)                             0.00       0.00
  clock uncertainty                                       0.01       0.01
  node0/node_5/in1_q_reg[0]/CLK (DFFHQNx1_ASAP7_75t_R)
                                                          0.00       0.01 r
  library hold time                                      15.56      15.57
  data required time                                                15.57
  --------------------------------------------------------------------------
  data required time                                                15.57
  data arrival time                                                -15.58
  --------------------------------------------------------------------------
  slack (MET)                                                        0.01


  Startpoint: x3_node2[0]
              (input port clocked by clk)
  Endpoint: node0/node_6/in4_q_reg[0]
            (rising edge-triggered flip-flop clocked by clk)
  Path Group: clk
  Path Type: min

  Point                                                   Incr       Path
  --------------------------------------------------------------------------
  clock clk (rise edge)                                   0.00       0.00
  clock network delay (ideal)                             0.00       0.00
  input external delay                                    0.10       0.10 r
  x3_node2[0] (in)                                        0.00       0.10 r
  U6863/Y (OAI21xp5_ASAP7_75t_R)                         15.48      15.58 f
  node0/node_6/in4_q_reg[0]/D (DFFHQNx1_ASAP7_75t_R)      0.00      15.58 f
  data arrival time                                                 15.58

  clock clk (rise edge)                                   0.00       0.00
  clock network delay (ideal)                             0.00       0.00
  clock uncertainty                                       0.01       0.01
  node0/node_6/in4_q_reg[0]/CLK (DFFHQNx1_ASAP7_75t_R)
                                                          0.00       0.01 r
  library hold time                                      15.56      15.57
  data required time                                                15.57
  --------------------------------------------------------------------------
  data required time                                                15.57
  data arrival time                                                -15.58
  --------------------------------------------------------------------------
  slack (MET)                                                        0.01


  Startpoint: x2_node2[0]
              (input port clocked by clk)
  Endpoint: node0/node_6/in3_q_reg[0]
            (rising edge-triggered flip-flop clocked by clk)
  Path Group: clk
  Path Type: min

  Point                                                   Incr       Path
  --------------------------------------------------------------------------
  clock clk (rise edge)                                   0.00       0.00
  clock network delay (ideal)                             0.00       0.00
  input external delay                                    0.10       0.10 r
  x2_node2[0] (in)                                        0.00       0.10 r
  U6860/Y (OAI21xp5_ASAP7_75t_R)                         15.48      15.58 f
  node0/node_6/in3_q_reg[0]/D (DFFHQNx1_ASAP7_75t_R)      0.00      15.58 f
  data arrival time                                                 15.58

  clock clk (rise edge)                                   0.00       0.00
  clock network delay (ideal)                             0.00       0.00
  clock uncertainty                                       0.01       0.01
  node0/node_6/in3_q_reg[0]/CLK (DFFHQNx1_ASAP7_75t_R)
                                                          0.00       0.01 r
  library hold time                                      15.56      15.57
  data required time                                                15.57
  --------------------------------------------------------------------------
  data required time                                                15.57
  data arrival time                                                -15.58
  --------------------------------------------------------------------------
  slack (MET)                                                        0.01


  Startpoint: x1_node2[0]
              (input port clocked by clk)
  Endpoint: node0/node_6/in2_q_reg[0]
            (rising edge-triggered flip-flop clocked by clk)
  Path Group: clk
  Path Type: min

  Point                                                   Incr       Path
  --------------------------------------------------------------------------
  clock clk (rise edge)                                   0.00       0.00
  clock network delay (ideal)                             0.00       0.00
  input external delay                                    0.10       0.10 r
  x1_node2[0] (in)                                        0.00       0.10 r
  U6857/Y (OAI21xp5_ASAP7_75t_R)                         15.48      15.58 f
  node0/node_6/in2_q_reg[0]/D (DFFHQNx1_ASAP7_75t_R)      0.00      15.58 f
  data arrival time                                                 15.58

  clock clk (rise edge)                                   0.00       0.00
  clock network delay (ideal)                             0.00       0.00
  clock uncertainty                                       0.01       0.01
  node0/node_6/in2_q_reg[0]/CLK (DFFHQNx1_ASAP7_75t_R)
                                                          0.00       0.01 r
  library hold time                                      15.56      15.57
  data required time                                                15.57
  --------------------------------------------------------------------------
  data required time                                                15.57
  data arrival time                                                -15.58
  --------------------------------------------------------------------------
  slack (MET)                                                        0.01


  Startpoint: x0_node2[0]
              (input port clocked by clk)
  Endpoint: node0/node_6/in1_q_reg[0]
            (rising edge-triggered flip-flop clocked by clk)
  Path Group: clk
  Path Type: min

  Point                                                   Incr       Path
  --------------------------------------------------------------------------
  clock clk (rise edge)                                   0.00       0.00
  clock network delay (ideal)                             0.00       0.00
  input external delay                                    0.10       0.10 r
  x0_node2[0] (in)                                        0.00       0.10 r
  U6854/Y (OAI21xp5_ASAP7_75t_R)                         15.48      15.58 f
  node0/node_6/in1_q_reg[0]/D (DFFHQNx1_ASAP7_75t_R)      0.00      15.58 f
  data arrival time                                                 15.58

  clock clk (rise edge)                                   0.00       0.00
  clock network delay (ideal)                             0.00       0.00
  clock uncertainty                                       0.01       0.01
  node0/node_6/in1_q_reg[0]/CLK (DFFHQNx1_ASAP7_75t_R)
                                                          0.00       0.01 r
  library hold time                                      15.56      15.57
  data required time                                                15.57
  --------------------------------------------------------------------------
  data required time                                                15.57
  data arrival time                                                -15.58
  --------------------------------------------------------------------------
  slack (MET)                                                        0.01


  Startpoint: x3_node2[0]
              (input port clocked by clk)
  Endpoint: node0/node_7/in4_q_reg[0]
            (rising edge-triggered flip-flop clocked by clk)
  Path Group: clk
  Path Type: min

  Point                                                   Incr       Path
  --------------------------------------------------------------------------
  clock clk (rise edge)                                   0.00       0.00
  clock network delay (ideal)                             0.00       0.00
  input external delay                                    0.10       0.10 r
  x3_node2[0] (in)                                        0.00       0.10 r
  U6863/Y (OAI21xp5_ASAP7_75t_R)                         15.48      15.58 f
  node0/node_7/in4_q_reg[0]/D (DFFHQNx1_ASAP7_75t_R)      0.00      15.58 f
  data arrival time                                                 15.58

  clock clk (rise edge)                                   0.00       0.00
  clock network delay (ideal)                             0.00       0.00
  clock uncertainty                                       0.01       0.01
  node0/node_7/in4_q_reg[0]/CLK (DFFHQNx1_ASAP7_75t_R)
                                                          0.00       0.01 r
  library hold time                                      15.56      15.57
  data required time                                                15.57
  --------------------------------------------------------------------------
  data required time                                                15.57
  data arrival time                                                -15.58
  --------------------------------------------------------------------------
  slack (MET)                                                        0.01


  Startpoint: x2_node2[0]
              (input port clocked by clk)
  Endpoint: node0/node_7/in3_q_reg[0]
            (rising edge-triggered flip-flop clocked by clk)
  Path Group: clk
  Path Type: min

  Point                                                   Incr       Path
  --------------------------------------------------------------------------
  clock clk (rise edge)                                   0.00       0.00
  clock network delay (ideal)                             0.00       0.00
  input external delay                                    0.10       0.10 r
  x2_node2[0] (in)                                        0.00       0.10 r
  U6860/Y (OAI21xp5_ASAP7_75t_R)                         15.48      15.58 f
  node0/node_7/in3_q_reg[0]/D (DFFHQNx1_ASAP7_75t_R)      0.00      15.58 f
  data arrival time                                                 15.58

  clock clk (rise edge)                                   0.00       0.00
  clock network delay (ideal)                             0.00       0.00
  clock uncertainty                                       0.01       0.01
  node0/node_7/in3_q_reg[0]/CLK (DFFHQNx1_ASAP7_75t_R)
                                                          0.00       0.01 r
  library hold time                                      15.56      15.57
  data required time                                                15.57
  --------------------------------------------------------------------------
  data required time                                                15.57
  data arrival time                                                -15.58
  --------------------------------------------------------------------------
  slack (MET)                                                        0.01


  Startpoint: x1_node2[0]
              (input port clocked by clk)
  Endpoint: node0/node_7/in2_q_reg[0]
            (rising edge-triggered flip-flop clocked by clk)
  Path Group: clk
  Path Type: min

  Point                                                   Incr       Path
  --------------------------------------------------------------------------
  clock clk (rise edge)                                   0.00       0.00
  clock network delay (ideal)                             0.00       0.00
  input external delay                                    0.10       0.10 r
  x1_node2[0] (in)                                        0.00       0.10 r
  U6857/Y (OAI21xp5_ASAP7_75t_R)                         15.48      15.58 f
  node0/node_7/in2_q_reg[0]/D (DFFHQNx1_ASAP7_75t_R)      0.00      15.58 f
  data arrival time                                                 15.58

  clock clk (rise edge)                                   0.00       0.00
  clock network delay (ideal)                             0.00       0.00
  clock uncertainty                                       0.01       0.01
  node0/node_7/in2_q_reg[0]/CLK (DFFHQNx1_ASAP7_75t_R)
                                                          0.00       0.01 r
  library hold time                                      15.56      15.57
  data required time                                                15.57
  --------------------------------------------------------------------------
  data required time                                                15.57
  data arrival time                                                -15.58
  --------------------------------------------------------------------------
  slack (MET)                                                        0.01


  Startpoint: x0_node2[0]
              (input port clocked by clk)
  Endpoint: node0/node_7/in1_q_reg[0]
            (rising edge-triggered flip-flop clocked by clk)
  Path Group: clk
  Path Type: min

  Point                                                   Incr       Path
  --------------------------------------------------------------------------
  clock clk (rise edge)                                   0.00       0.00
  clock network delay (ideal)                             0.00       0.00
  input external delay                                    0.10       0.10 r
  x0_node2[0] (in)                                        0.00       0.10 r
  U6854/Y (OAI21xp5_ASAP7_75t_R)                         15.48      15.58 f
  node0/node_7/in1_q_reg[0]/D (DFFHQNx1_ASAP7_75t_R)      0.00      15.58 f
  data arrival time                                                 15.58

  clock clk (rise edge)                                   0.00       0.00
  clock network delay (ideal)                             0.00       0.00
  clock uncertainty                                       0.01       0.01
  node0/node_7/in1_q_reg[0]/CLK (DFFHQNx1_ASAP7_75t_R)
                                                          0.00       0.01 r
  library hold time                                      15.56      15.57
  data required time                                                15.57
  --------------------------------------------------------------------------
  data required time                                                15.57
  data arrival time                                                -15.58
  --------------------------------------------------------------------------
  slack (MET)                                                        0.01


  Startpoint: x3_node3[0]
              (input port clocked by clk)
  Endpoint: node1/node_4/in4_q_reg[0]
            (rising edge-triggered flip-flop clocked by clk)
  Path Group: clk
  Path Type: min

  Point                                                   Incr       Path
  --------------------------------------------------------------------------
  clock clk (rise edge)                                   0.00       0.00
  clock network delay (ideal)                             0.00       0.00
  input external delay                                    0.10       0.10 r
  x3_node3[0] (in)                                        0.00       0.10 r
  U6862/Y (OAI21xp5_ASAP7_75t_R)                         15.48      15.58 f
  node1/node_4/in4_q_reg[0]/D (DFFHQNx1_ASAP7_75t_R)      0.00      15.58 f
  data arrival time                                                 15.58

  clock clk (rise edge)                                   0.00       0.00
  clock network delay (ideal)                             0.00       0.00
  clock uncertainty                                       0.01       0.01
  node1/node_4/in4_q_reg[0]/CLK (DFFHQNx1_ASAP7_75t_R)
                                                          0.00       0.01 r
  library hold time                                      15.56      15.57
  data required time                                                15.57
  --------------------------------------------------------------------------
  data required time                                                15.57
  data arrival time                                                -15.58
  --------------------------------------------------------------------------
  slack (MET)                                                        0.01


  Startpoint: x2_node3[0]
              (input port clocked by clk)
  Endpoint: node1/node_4/in3_q_reg[0]
            (rising edge-triggered flip-flop clocked by clk)
  Path Group: clk
  Path Type: min

  Point                                                   Incr       Path
  --------------------------------------------------------------------------
  clock clk (rise edge)                                   0.00       0.00
  clock network delay (ideal)                             0.00       0.00
  input external delay                                    0.10       0.10 r
  x2_node3[0] (in)                                        0.00       0.10 r
  U6859/Y (OAI21xp5_ASAP7_75t_R)                         15.48      15.58 f
  node1/node_4/in3_q_reg[0]/D (DFFHQNx1_ASAP7_75t_R)      0.00      15.58 f
  data arrival time                                                 15.58

  clock clk (rise edge)                                   0.00       0.00
  clock network delay (ideal)                             0.00       0.00
  clock uncertainty                                       0.01       0.01
  node1/node_4/in3_q_reg[0]/CLK (DFFHQNx1_ASAP7_75t_R)
                                                          0.00       0.01 r
  library hold time                                      15.56      15.57
  data required time                                                15.57
  --------------------------------------------------------------------------
  data required time                                                15.57
  data arrival time                                                -15.58
  --------------------------------------------------------------------------
  slack (MET)                                                        0.01


  Startpoint: x1_node3[0]
              (input port clocked by clk)
  Endpoint: node1/node_4/in2_q_reg[0]
            (rising edge-triggered flip-flop clocked by clk)
  Path Group: clk
  Path Type: min

  Point                                                   Incr       Path
  --------------------------------------------------------------------------
  clock clk (rise edge)                                   0.00       0.00
  clock network delay (ideal)                             0.00       0.00
  input external delay                                    0.10       0.10 r
  x1_node3[0] (in)                                        0.00       0.10 r
  U6856/Y (OAI21xp5_ASAP7_75t_R)                         15.48      15.58 f
  node1/node_4/in2_q_reg[0]/D (DFFHQNx1_ASAP7_75t_R)      0.00      15.58 f
  data arrival time                                                 15.58

  clock clk (rise edge)                                   0.00       0.00
  clock network delay (ideal)                             0.00       0.00
  clock uncertainty                                       0.01       0.01
  node1/node_4/in2_q_reg[0]/CLK (DFFHQNx1_ASAP7_75t_R)
                                                          0.00       0.01 r
  library hold time                                      15.56      15.57
  data required time                                                15.57
  --------------------------------------------------------------------------
  data required time                                                15.57
  data arrival time                                                -15.58
  --------------------------------------------------------------------------
  slack (MET)                                                        0.01


  Startpoint: x0_node3[0]
              (input port clocked by clk)
  Endpoint: node1/node_4/in1_q_reg[0]
            (rising edge-triggered flip-flop clocked by clk)
  Path Group: clk
  Path Type: min

  Point                                                   Incr       Path
  --------------------------------------------------------------------------
  clock clk (rise edge)                                   0.00       0.00
  clock network delay (ideal)                             0.00       0.00
  input external delay                                    0.10       0.10 r
  x0_node3[0] (in)                                        0.00       0.10 r
  U6853/Y (OAI21xp5_ASAP7_75t_R)                         15.48      15.58 f
  node1/node_4/in1_q_reg[0]/D (DFFHQNx1_ASAP7_75t_R)      0.00      15.58 f
  data arrival time                                                 15.58

  clock clk (rise edge)                                   0.00       0.00
  clock network delay (ideal)                             0.00       0.00
  clock uncertainty                                       0.01       0.01
  node1/node_4/in1_q_reg[0]/CLK (DFFHQNx1_ASAP7_75t_R)
                                                          0.00       0.01 r
  library hold time                                      15.56      15.57
  data required time                                                15.57
  --------------------------------------------------------------------------
  data required time                                                15.57
  data arrival time                                                -15.58
  --------------------------------------------------------------------------
  slack (MET)                                                        0.01


1
